2025-06-24 21:12:08 [restartedMain] INFO , com.utec.PdiApplication {36} - Starting PdiApplication using Java 21.0.7 with PID 14316 (C:\Users\Maggie\IdeaProjects\pdi\target\classes started by Maggie in C:\Users\Maggie\IdeaProjects\pdi)
2025-06-24 21:12:08 [restartedMain] DEBUG, com.utec.PdiApplication {36} - Running with Spring Boot v3.5.0, Spring v6.2.7
2025-06-24 21:12:08 [restartedMain] INFO , com.utec.PdiApplication {36} - No active profile set, falling back to 1 default profile: "default"
2025-06-24 21:12:08 [restartedMain] INFO , org.springframework.boot.devtools.env.DevToolsPropertyDefaultsPostProcessor {36} - Devtools property defaults active! Set 'spring.devtools.add-properties' to 'false' to disable
2025-06-24 21:12:08 [restartedMain] INFO , org.springframework.boot.devtools.env.DevToolsPropertyDefaultsPostProcessor {36} - For additional web related logging consider setting the 'logging.level.web' property to 'DEBUG'
2025-06-24 21:12:09 [restartedMain] INFO , org.springframework.data.repository.config.RepositoryConfigurationDelegate {36} - Bootstrapping Spring Data JPA repositories in DEFAULT mode.
2025-06-24 21:12:09 [restartedMain] INFO , org.springframework.data.repository.config.RepositoryConfigurationDelegate {36} - Finished Spring Data repository scanning in 69 ms. Found 17 JPA repository interfaces.
2025-06-24 21:12:10 [restartedMain] INFO , org.springframework.boot.web.embedded.tomcat.TomcatWebServer {36} - Tomcat initialized with port 8080 (http)
2025-06-24 21:12:10 [restartedMain] INFO , org.apache.catalina.core.StandardService {36} - Starting service [Tomcat]
2025-06-24 21:12:10 [restartedMain] INFO , org.apache.catalina.core.StandardEngine {36} - Starting Servlet engine: [Apache Tomcat/10.1.41]
2025-06-24 21:12:10 [restartedMain] INFO , org.apache.catalina.core.ContainerBase.[Tomcat].[localhost].[/] {36} - Initializing Spring embedded WebApplicationContext
2025-06-24 21:12:10 [restartedMain] INFO , org.springframework.boot.web.servlet.context.ServletWebServerApplicationContext {36} - Root WebApplicationContext: initialization completed in 2039 ms
2025-06-24 21:12:11 [restartedMain] INFO , org.hibernate.jpa.internal.util.LogHelper {36} - HHH000204: Processing PersistenceUnitInfo [name: default]
2025-06-24 21:12:11 [restartedMain] INFO , org.hibernate.Version {36} - HHH000412: Hibernate ORM core version 6.6.15.Final
2025-06-24 21:12:11 [restartedMain] INFO , org.hibernate.cache.internal.RegionFactoryInitiator {36} - HHH000026: Second-level cache disabled
2025-06-24 21:12:11 [restartedMain] INFO , org.springframework.orm.jpa.persistenceunit.SpringPersistenceUnitInfo {36} - No LoadTimeWeaver setup: ignoring JPA class transformer
2025-06-24 21:12:11 [restartedMain] INFO , com.zaxxer.hikari.HikariDataSource {36} - HikariPool-1 - Starting...
2025-06-24 21:12:12 [restartedMain] WARN , org.hibernate.engine.jdbc.spi.SqlExceptionHelper {36} - SQL Error: 0, SQLState: 08001
2025-06-24 21:12:12 [restartedMain] ERROR, org.hibernate.engine.jdbc.spi.SqlExceptionHelper {36} - Connection to localhost:5432 refused. Check that the hostname and port are correct and that the postmaster is accepting TCP/IP connections.
2025-06-24 21:12:12 [restartedMain] WARN , org.hibernate.engine.jdbc.env.internal.JdbcEnvironmentInitiator {36} - HHH000342: Could not obtain connection to query metadata
org.hibernate.exception.JDBCConnectionException: unable to obtain isolated JDBC connection [Connection to localhost:5432 refused. Check that the hostname and port are correct and that the postmaster is accepting TCP/IP connections.] [n/a]
	at org.hibernate.exception.internal.SQLStateConversionDelegate.convert(SQLStateConversionDelegate.java:100)
	at org.hibernate.exception.internal.StandardSQLExceptionConverter.convert(StandardSQLExceptionConverter.java:58)
	at org.hibernate.engine.jdbc.spi.SqlExceptionHelper.convert(SqlExceptionHelper.java:108)
	at org.hibernate.engine.jdbc.spi.SqlExceptionHelper.convert(SqlExceptionHelper.java:94)
	at org.hibernate.resource.transaction.backend.jdbc.internal.JdbcIsolationDelegate.delegateWork(JdbcIsolationDelegate.java:116)
	at org.hibernate.engine.jdbc.env.internal.JdbcEnvironmentInitiator.getJdbcEnvironmentUsingJdbcMetadata(JdbcEnvironmentInitiator.java:336)
	at org.hibernate.engine.jdbc.env.internal.JdbcEnvironmentInitiator.initiateService(JdbcEnvironmentInitiator.java:129)
	at org.hibernate.engine.jdbc.env.internal.JdbcEnvironmentInitiator.initiateService(JdbcEnvironmentInitiator.java:81)
	at org.hibernate.boot.registry.internal.StandardServiceRegistryImpl.initiateService(StandardServiceRegistryImpl.java:130)
	at org.hibernate.service.internal.AbstractServiceRegistryImpl.createService(AbstractServiceRegistryImpl.java:263)
	at org.hibernate.service.internal.AbstractServiceRegistryImpl.initializeService(AbstractServiceRegistryImpl.java:238)
	at org.hibernate.service.internal.AbstractServiceRegistryImpl.getService(AbstractServiceRegistryImpl.java:215)
	at org.hibernate.boot.model.relational.Database.<init>(Database.java:45)
	at org.hibernate.boot.internal.InFlightMetadataCollectorImpl.getDatabase(InFlightMetadataCollectorImpl.java:226)
	at org.hibernate.boot.internal.InFlightMetadataCollectorImpl.<init>(InFlightMetadataCollectorImpl.java:194)
	at org.hibernate.boot.model.process.spi.MetadataBuildingProcess.complete(MetadataBuildingProcess.java:171)
	at org.hibernate.jpa.boot.internal.EntityManagerFactoryBuilderImpl.metadata(EntityManagerFactoryBuilderImpl.java:1442)
	at org.hibernate.jpa.boot.internal.EntityManagerFactoryBuilderImpl.build(EntityManagerFactoryBuilderImpl.java:1513)
	at org.springframework.orm.jpa.vendor.SpringHibernateJpaPersistenceProvider.createContainerEntityManagerFactory(SpringHibernateJpaPersistenceProvider.java:66)
	at org.springframework.orm.jpa.LocalContainerEntityManagerFactoryBean.createNativeEntityManagerFactory(LocalContainerEntityManagerFactoryBean.java:390)
	at org.springframework.orm.jpa.AbstractEntityManagerFactoryBean.buildNativeEntityManagerFactory(AbstractEntityManagerFactoryBean.java:419)
	at org.springframework.orm.jpa.AbstractEntityManagerFactoryBean.afterPropertiesSet(AbstractEntityManagerFactoryBean.java:400)
	at org.springframework.orm.jpa.LocalContainerEntityManagerFactoryBean.afterPropertiesSet(LocalContainerEntityManagerFactoryBean.java:366)
	at org.springframework.beans.factory.support.AbstractAutowireCapableBeanFactory.invokeInitMethods(AbstractAutowireCapableBeanFactory.java:1873)
	at org.springframework.beans.factory.support.AbstractAutowireCapableBeanFactory.initializeBean(AbstractAutowireCapableBeanFactory.java:1822)
	at org.springframework.beans.factory.support.AbstractAutowireCapableBeanFactory.doCreateBean(AbstractAutowireCapableBeanFactory.java:607)
	at org.springframework.beans.factory.support.AbstractAutowireCapableBeanFactory.createBean(AbstractAutowireCapableBeanFactory.java:529)
	at org.springframework.beans.factory.support.AbstractBeanFactory.lambda$doGetBean$0(AbstractBeanFactory.java:339)
	at org.springframework.beans.factory.support.DefaultSingletonBeanRegistry.getSingleton(DefaultSingletonBeanRegistry.java:373)
	at org.springframework.beans.factory.support.AbstractBeanFactory.doGetBean(AbstractBeanFactory.java:337)
	at org.springframework.beans.factory.support.AbstractBeanFactory.getBean(AbstractBeanFactory.java:202)
	at org.springframework.beans.factory.support.BeanDefinitionValueResolver.resolveReference(BeanDefinitionValueResolver.java:365)
	at org.springframework.beans.factory.support.BeanDefinitionValueResolver.resolveValueIfNecessary(BeanDefinitionValueResolver.java:135)
	at org.springframework.beans.factory.support.ConstructorResolver.resolveConstructorArguments(ConstructorResolver.java:691)
	at org.springframework.beans.factory.support.ConstructorResolver.instantiateUsingFactoryMethod(ConstructorResolver.java:513)
	at org.springframework.beans.factory.support.AbstractAutowireCapableBeanFactory.instantiateUsingFactoryMethod(AbstractAutowireCapableBeanFactory.java:1375)
	at org.springframework.beans.factory.support.AbstractAutowireCapableBeanFactory.createBeanInstance(AbstractAutowireCapableBeanFactory.java:1205)
	at org.springframework.beans.factory.support.AbstractAutowireCapableBeanFactory.doCreateBean(AbstractAutowireCapableBeanFactory.java:569)
	at org.springframework.beans.factory.support.AbstractAutowireCapableBeanFactory.createBean(AbstractAutowireCapableBeanFactory.java:529)
	at org.springframework.beans.factory.support.AbstractBeanFactory.lambda$doGetBean$0(AbstractBeanFactory.java:339)
	at org.springframework.beans.factory.support.DefaultSingletonBeanRegistry.getSingleton(DefaultSingletonBeanRegistry.java:373)
	at org.springframework.beans.factory.support.AbstractBeanFactory.doGetBean(AbstractBeanFactory.java:337)
	at org.springframework.beans.factory.support.AbstractBeanFactory.getBean(AbstractBeanFactory.java:202)
	at org.springframework.beans.factory.support.BeanDefinitionValueResolver.resolveReference(BeanDefinitionValueResolver.java:365)
	at org.springframework.beans.factory.support.BeanDefinitionValueResolver.resolveValueIfNecessary(BeanDefinitionValueResolver.java:135)
	at org.springframework.beans.factory.support.AbstractAutowireCapableBeanFactory.applyPropertyValues(AbstractAutowireCapableBeanFactory.java:1725)
	at org.springframework.beans.factory.support.AbstractAutowireCapableBeanFactory.populateBean(AbstractAutowireCapableBeanFactory.java:1474)
	at org.springframework.beans.factory.support.AbstractAutowireCapableBeanFactory.doCreateBean(AbstractAutowireCapableBeanFactory.java:606)
	at org.springframework.beans.factory.support.AbstractAutowireCapableBeanFactory.createBean(AbstractAutowireCapableBeanFactory.java:529)
	at org.springframework.beans.factory.support.AbstractBeanFactory.lambda$doGetBean$0(AbstractBeanFactory.java:339)
	at org.springframework.beans.factory.support.DefaultSingletonBeanRegistry.getSingleton(DefaultSingletonBeanRegistry.java:373)
	at org.springframework.beans.factory.support.AbstractBeanFactory.doGetBean(AbstractBeanFactory.java:337)
	at org.springframework.beans.factory.support.AbstractBeanFactory.getBean(AbstractBeanFactory.java:202)
	at org.springframework.beans.factory.support.DefaultListableBeanFactory.doResolveDependency(DefaultListableBeanFactory.java:1682)
	at org.springframework.beans.factory.support.DefaultListableBeanFactory.resolveDependency(DefaultListableBeanFactory.java:1628)
	at org.springframework.beans.factory.annotation.AutowiredAnnotationBeanPostProcessor$AutowiredFieldElement.resolveFieldValue(AutowiredAnnotationBeanPostProcessor.java:785)
	at org.springframework.beans.factory.annotation.AutowiredAnnotationBeanPostProcessor$AutowiredFieldElement.inject(AutowiredAnnotationBeanPostProcessor.java:768)
	at org.springframework.beans.factory.annotation.InjectionMetadata.inject(InjectionMetadata.java:146)
	at org.springframework.beans.factory.annotation.AutowiredAnnotationBeanPostProcessor.postProcessProperties(AutowiredAnnotationBeanPostProcessor.java:509)
	at org.springframework.beans.factory.support.AbstractAutowireCapableBeanFactory.populateBean(AbstractAutowireCapableBeanFactory.java:1459)
	at org.springframework.beans.factory.support.AbstractAutowireCapableBeanFactory.doCreateBean(AbstractAutowireCapableBeanFactory.java:606)
	at org.springframework.beans.factory.support.AbstractAutowireCapableBeanFactory.createBean(AbstractAutowireCapableBeanFactory.java:529)
	at org.springframework.beans.factory.support.AbstractBeanFactory.lambda$doGetBean$0(AbstractBeanFactory.java:339)
	at org.springframework.beans.factory.support.DefaultSingletonBeanRegistry.getSingleton(DefaultSingletonBeanRegistry.java:373)
	at org.springframework.beans.factory.support.AbstractBeanFactory.doGetBean(AbstractBeanFactory.java:337)
	at org.springframework.beans.factory.support.AbstractBeanFactory.getBean(AbstractBeanFactory.java:202)
	at org.springframework.beans.factory.config.DependencyDescriptor.resolveCandidate(DependencyDescriptor.java:254)
	at org.springframework.beans.factory.support.DefaultListableBeanFactory.doResolveDependency(DefaultListableBeanFactory.java:1740)
	at org.springframework.beans.factory.support.DefaultListableBeanFactory.resolveDependency(DefaultListableBeanFactory.java:1628)
	at org.springframework.beans.factory.support.ConstructorResolver.resolveAutowiredArgument(ConstructorResolver.java:913)
	at org.springframework.beans.factory.support.ConstructorResolver.createArgumentArray(ConstructorResolver.java:791)
	at org.springframework.beans.factory.support.ConstructorResolver.autowireConstructor(ConstructorResolver.java:240)
	at org.springframework.beans.factory.support.AbstractAutowireCapableBeanFactory.autowireConstructor(AbstractAutowireCapableBeanFactory.java:1395)
	at org.springframework.beans.factory.support.AbstractAutowireCapableBeanFactory.createBeanInstance(AbstractAutowireCapableBeanFactory.java:1232)
	at org.springframework.beans.factory.support.AbstractAutowireCapableBeanFactory.doCreateBean(AbstractAutowireCapableBeanFactory.java:569)
	at org.springframework.beans.factory.support.AbstractAutowireCapableBeanFactory.createBean(AbstractAutowireCapableBeanFactory.java:529)
	at org.springframework.beans.factory.support.AbstractBeanFactory.lambda$doGetBean$0(AbstractBeanFactory.java:339)
	at org.springframework.beans.factory.support.DefaultSingletonBeanRegistry.getSingleton(DefaultSingletonBeanRegistry.java:373)
	at org.springframework.beans.factory.support.AbstractBeanFactory.doGetBean(AbstractBeanFactory.java:337)
	at org.springframework.beans.factory.support.AbstractBeanFactory.getBean(AbstractBeanFactory.java:207)
	at org.springframework.boot.web.servlet.ServletContextInitializerBeans.getOrderedBeansOfType(ServletContextInitializerBeans.java:230)
	at org.springframework.boot.web.servlet.ServletContextInitializerBeans.addAsRegistrationBean(ServletContextInitializerBeans.java:184)
	at org.springframework.boot.web.servlet.ServletContextInitializerBeans.addAsRegistrationBean(ServletContextInitializerBeans.java:179)
	at org.springframework.boot.web.servlet.ServletContextInitializerBeans.addAdaptableBeans(ServletContextInitializerBeans.java:164)
	at org.springframework.boot.web.servlet.ServletContextInitializerBeans.<init>(ServletContextInitializerBeans.java:96)
	at org.springframework.boot.web.servlet.context.ServletWebServerApplicationContext.getServletContextInitializerBeans(ServletWebServerApplicationContext.java:271)
	at org.springframework.boot.web.servlet.context.ServletWebServerApplicationContext.selfInitialize(ServletWebServerApplicationContext.java:245)
	at org.springframework.boot.web.embedded.tomcat.TomcatStarter.onStartup(TomcatStarter.java:52)
	at org.apache.catalina.core.StandardContext.startInternal(StandardContext.java:4464)
	at org.apache.catalina.util.LifecycleBase.start(LifecycleBase.java:164)
	at org.apache.catalina.core.ContainerBase$StartChild.call(ContainerBase.java:1203)
	at org.apache.catalina.core.ContainerBase$StartChild.call(ContainerBase.java:1193)
	at java.base/java.util.concurrent.FutureTask.run(FutureTask.java:317)
	at org.apache.tomcat.util.threads.InlineExecutorService.execute(InlineExecutorService.java:75)
	at java.base/java.util.concurrent.AbstractExecutorService.submit(AbstractExecutorService.java:145)
	at org.apache.catalina.core.ContainerBase.startInternal(ContainerBase.java:749)
	at org.apache.catalina.core.StandardHost.startInternal(StandardHost.java:772)
	at org.apache.catalina.util.LifecycleBase.start(LifecycleBase.java:164)
	at org.apache.catalina.core.ContainerBase$StartChild.call(ContainerBase.java:1203)
	at org.apache.catalina.core.ContainerBase$StartChild.call(ContainerBase.java:1193)
	at java.base/java.util.concurrent.FutureTask.run(FutureTask.java:317)
	at org.apache.tomcat.util.threads.InlineExecutorService.execute(InlineExecutorService.java:75)
	at java.base/java.util.concurrent.AbstractExecutorService.submit(AbstractExecutorService.java:145)
	at org.apache.catalina.core.ContainerBase.startInternal(ContainerBase.java:749)
	at org.apache.catalina.core.StandardEngine.startInternal(StandardEngine.java:203)
	at org.apache.catalina.util.LifecycleBase.start(LifecycleBase.java:164)
	at org.apache.catalina.core.StandardService.startInternal(StandardService.java:412)
	at org.apache.catalina.util.LifecycleBase.start(LifecycleBase.java:164)
	at org.apache.catalina.core.StandardServer.startInternal(StandardServer.java:870)
	at org.apache.catalina.util.LifecycleBase.start(LifecycleBase.java:164)
	at org.apache.catalina.startup.Tomcat.start(Tomcat.java:438)
	at org.springframework.boot.web.embedded.tomcat.TomcatWebServer.initialize(TomcatWebServer.java:128)
	at org.springframework.boot.web.embedded.tomcat.TomcatWebServer.<init>(TomcatWebServer.java:107)
	at org.springframework.boot.web.embedded.tomcat.TomcatServletWebServerFactory.getTomcatWebServer(TomcatServletWebServerFactory.java:517)
	at org.springframework.boot.web.embedded.tomcat.TomcatServletWebServerFactory.getWebServer(TomcatServletWebServerFactory.java:219)
	at org.springframework.boot.web.servlet.context.ServletWebServerApplicationContext.createWebServer(ServletWebServerApplicationContext.java:193)
	at org.springframework.boot.web.servlet.context.ServletWebServerApplicationContext.onRefresh(ServletWebServerApplicationContext.java:167)
	at org.springframework.context.support.AbstractApplicationContext.refresh(AbstractApplicationContext.java:621)
	at org.springframework.boot.web.servlet.context.ServletWebServerApplicationContext.refresh(ServletWebServerApplicationContext.java:146)
	at org.springframework.boot.SpringApplication.refresh(SpringApplication.java:753)
	at org.springframework.boot.SpringApplication.refreshContext(SpringApplication.java:439)
	at org.springframework.boot.SpringApplication.run(SpringApplication.java:318)
	at org.springframework.boot.SpringApplication.run(SpringApplication.java:1362)
	at org.springframework.boot.SpringApplication.run(SpringApplication.java:1351)
	at com.utec.PdiApplication.main(PdiApplication.java:10)
	at java.base/jdk.internal.reflect.DirectMethodHandleAccessor.invoke(DirectMethodHandleAccessor.java:103)
	at java.base/java.lang.reflect.Method.invoke(Method.java:580)
	at org.springframework.boot.devtools.restart.RestartLauncher.run(RestartLauncher.java:50)
Caused by: org.postgresql.util.PSQLException: Connection to localhost:5432 refused. Check that the hostname and port are correct and that the postmaster is accepting TCP/IP connections.
	at org.postgresql.core.v3.ConnectionFactoryImpl.openConnectionImpl(ConnectionFactoryImpl.java:373)
	at org.postgresql.core.ConnectionFactory.openConnection(ConnectionFactory.java:57)
	at org.postgresql.jdbc.PgConnection.<init>(PgConnection.java:277)
	at org.postgresql.Driver.makeConnection(Driver.java:448)
	at org.postgresql.Driver.connect(Driver.java:298)
	at com.zaxxer.hikari.util.DriverDataSource.getConnection(DriverDataSource.java:139)
	at com.zaxxer.hikari.pool.PoolBase.newConnection(PoolBase.java:368)
	at com.zaxxer.hikari.pool.PoolBase.newPoolEntry(PoolBase.java:205)
	at com.zaxxer.hikari.pool.HikariPool.createPoolEntry(HikariPool.java:483)
	at com.zaxxer.hikari.pool.HikariPool.checkFailFast(HikariPool.java:571)
	at com.zaxxer.hikari.pool.HikariPool.<init>(HikariPool.java:101)
	at com.zaxxer.hikari.HikariDataSource.getConnection(HikariDataSource.java:111)
	at org.hibernate.engine.jdbc.connections.internal.DatasourceConnectionProviderImpl.getConnection(DatasourceConnectionProviderImpl.java:126)
	at org.hibernate.engine.jdbc.env.internal.JdbcEnvironmentInitiator$ConnectionProviderJdbcConnectionAccess.obtainConnection(JdbcEnvironmentInitiator.java:483)
	at org.hibernate.resource.transaction.backend.jdbc.internal.JdbcIsolationDelegate.delegateWork(JdbcIsolationDelegate.java:61)
	... 123 common frames omitted
Caused by: java.net.ConnectException: Connection refused: getsockopt
	at java.base/sun.nio.ch.Net.pollConnect(Native Method)
	at java.base/sun.nio.ch.Net.pollConnectNow(Net.java:682)
	at java.base/sun.nio.ch.NioSocketImpl.timedFinishConnect(NioSocketImpl.java:542)
	at java.base/sun.nio.ch.NioSocketImpl.connect(NioSocketImpl.java:592)
	at java.base/java.net.SocksSocketImpl.connect(SocksSocketImpl.java:327)
	at java.base/java.net.Socket.connect(Socket.java:751)
	at org.postgresql.core.PGStream.createSocket(PGStream.java:261)
	at org.postgresql.core.PGStream.<init>(PGStream.java:122)
	at org.postgresql.core.v3.ConnectionFactoryImpl.tryConnect(ConnectionFactoryImpl.java:146)
	at org.postgresql.core.v3.ConnectionFactoryImpl.openConnectionImpl(ConnectionFactoryImpl.java:289)
	... 137 common frames omitted
2025-06-24 21:12:12 [restartedMain] WARN , org.hibernate.orm.deprecation {36} - HHH90000025: PostgreSQLDialect does not need to be specified explicitly using 'hibernate.dialect' (remove the property setting and it will be selected by default)
2025-06-24 21:12:12 [restartedMain] INFO , org.hibernate.orm.connections.pooling {36} - HHH10001005: Database info:
	Database JDBC URL [Connecting through datasource 'HikariDataSource (null)']
	Database driver: undefined/unknown
	Database version: 12.0
	Autocommit mode: undefined/unknown
	Isolation level: undefined/unknown
	Minimum pool size: undefined/unknown
	Maximum pool size: undefined/unknown
2025-06-24 21:12:14 [restartedMain] INFO , org.hibernate.engine.transaction.jta.platform.internal.JtaPlatformInitiator {36} - HHH000489: No JTA platform available (set 'hibernate.transaction.jta.platform' to enable JTA platform integration)
2025-06-24 21:12:14 [restartedMain] INFO , com.zaxxer.hikari.HikariDataSource {36} - HikariPool-1 - Starting...
2025-06-24 21:12:15 [restartedMain] WARN , org.hibernate.engine.jdbc.spi.SqlExceptionHelper {36} - SQL Error: 0, SQLState: 08001
2025-06-24 21:12:15 [restartedMain] ERROR, org.hibernate.engine.jdbc.spi.SqlExceptionHelper {36} - Connection to localhost:5432 refused. Check that the hostname and port are correct and that the postmaster is accepting TCP/IP connections.
2025-06-24 21:12:15 [restartedMain] ERROR, org.springframework.orm.jpa.LocalContainerEntityManagerFactoryBean {36} - Failed to initialize JPA EntityManagerFactory: [PersistenceUnit: default] Unable to build Hibernate SessionFactory; nested exception is org.hibernate.exception.JDBCConnectionException: Unable to open JDBC Connection for DDL execution [Connection to localhost:5432 refused. Check that the hostname and port are correct and that the postmaster is accepting TCP/IP connections.] [n/a]
2025-06-24 21:12:15 [restartedMain] ERROR, org.springframework.boot.web.embedded.tomcat.TomcatStarter {36} - Error starting Tomcat context. Exception: org.springframework.beans.factory.UnsatisfiedDependencyException. Message: Error creating bean with name 'jwtRequestFilter' defined in file [C:\Users\Maggie\IdeaProjects\pdi\target\classes\com\utec\jwt\JwtRequestFilter.class]: Unsatisfied dependency expressed through constructor parameter 0: Error creating bean with name 'customUsuarioDetailsService': Unsatisfied dependency expressed through field 'usuarioRepository': Error creating bean with name 'usuarioRepository' defined in com.utec.repository.UsuarioRepository defined in @EnableJpaRepositories declared on JpaRepositoriesRegistrar.EnableJpaRepositoriesConfiguration: Cannot resolve reference to bean 'jpaSharedEM_entityManagerFactory' while setting bean property 'entityManager'
2025-06-24 21:12:15 [restartedMain] INFO , org.apache.catalina.core.StandardService {36} - Stopping service [Tomcat]
2025-06-24 21:12:15 [restartedMain] WARN , org.springframework.boot.web.servlet.context.AnnotationConfigServletWebServerApplicationContext {36} - Exception encountered during context initialization - cancelling refresh attempt: org.springframework.context.ApplicationContextException: Unable to start web server
2025-06-24 21:12:15 [restartedMain] INFO , org.springframework.boot.autoconfigure.logging.ConditionEvaluationReportLogger {36} - 

Error starting ApplicationContext. To display the condition evaluation report re-run your application with 'debug' enabled.
2025-06-24 21:12:15 [restartedMain] ERROR, org.springframework.boot.SpringApplication {36} - Application run failed
org.springframework.context.ApplicationContextException: Unable to start web server
	at org.springframework.boot.web.servlet.context.ServletWebServerApplicationContext.onRefresh(ServletWebServerApplicationContext.java:170)
	at org.springframework.context.support.AbstractApplicationContext.refresh(AbstractApplicationContext.java:621)
	at org.springframework.boot.web.servlet.context.ServletWebServerApplicationContext.refresh(ServletWebServerApplicationContext.java:146)
	at org.springframework.boot.SpringApplication.refresh(SpringApplication.java:753)
	at org.springframework.boot.SpringApplication.refreshContext(SpringApplication.java:439)
	at org.springframework.boot.SpringApplication.run(SpringApplication.java:318)
	at org.springframework.boot.SpringApplication.run(SpringApplication.java:1362)
	at org.springframework.boot.SpringApplication.run(SpringApplication.java:1351)
	at com.utec.PdiApplication.main(PdiApplication.java:10)
	at java.base/jdk.internal.reflect.DirectMethodHandleAccessor.invoke(DirectMethodHandleAccessor.java:103)
	at java.base/java.lang.reflect.Method.invoke(Method.java:580)
	at org.springframework.boot.devtools.restart.RestartLauncher.run(RestartLauncher.java:50)
Caused by: org.springframework.boot.web.server.WebServerException: Unable to start embedded Tomcat
	at org.springframework.boot.web.embedded.tomcat.TomcatWebServer.initialize(TomcatWebServer.java:147)
	at org.springframework.boot.web.embedded.tomcat.TomcatWebServer.<init>(TomcatWebServer.java:107)
	at org.springframework.boot.web.embedded.tomcat.TomcatServletWebServerFactory.getTomcatWebServer(TomcatServletWebServerFactory.java:517)
	at org.springframework.boot.web.embedded.tomcat.TomcatServletWebServerFactory.getWebServer(TomcatServletWebServerFactory.java:219)
	at org.springframework.boot.web.servlet.context.ServletWebServerApplicationContext.createWebServer(ServletWebServerApplicationContext.java:193)
	at org.springframework.boot.web.servlet.context.ServletWebServerApplicationContext.onRefresh(ServletWebServerApplicationContext.java:167)
	... 11 common frames omitted
Caused by: org.springframework.beans.factory.UnsatisfiedDependencyException: Error creating bean with name 'jwtRequestFilter' defined in file [C:\Users\Maggie\IdeaProjects\pdi\target\classes\com\utec\jwt\JwtRequestFilter.class]: Unsatisfied dependency expressed through constructor parameter 0: Error creating bean with name 'customUsuarioDetailsService': Unsatisfied dependency expressed through field 'usuarioRepository': Error creating bean with name 'usuarioRepository' defined in com.utec.repository.UsuarioRepository defined in @EnableJpaRepositories declared on JpaRepositoriesRegistrar.EnableJpaRepositoriesConfiguration: Cannot resolve reference to bean 'jpaSharedEM_entityManagerFactory' while setting bean property 'entityManager'
	at org.springframework.beans.factory.support.ConstructorResolver.createArgumentArray(ConstructorResolver.java:804)
	at org.springframework.beans.factory.support.ConstructorResolver.autowireConstructor(ConstructorResolver.java:240)
	at org.springframework.beans.factory.support.AbstractAutowireCapableBeanFactory.autowireConstructor(AbstractAutowireCapableBeanFactory.java:1395)
	at org.springframework.beans.factory.support.AbstractAutowireCapableBeanFactory.createBeanInstance(AbstractAutowireCapableBeanFactory.java:1232)
	at org.springframework.beans.factory.support.AbstractAutowireCapableBeanFactory.doCreateBean(AbstractAutowireCapableBeanFactory.java:569)
	at org.springframework.beans.factory.support.AbstractAutowireCapableBeanFactory.createBean(AbstractAutowireCapableBeanFactory.java:529)
	at org.springframework.beans.factory.support.AbstractBeanFactory.lambda$doGetBean$0(AbstractBeanFactory.java:339)
	at org.springframework.beans.factory.support.DefaultSingletonBeanRegistry.getSingleton(DefaultSingletonBeanRegistry.java:373)
	at org.springframework.beans.factory.support.AbstractBeanFactory.doGetBean(AbstractBeanFactory.java:337)
	at org.springframework.beans.factory.support.AbstractBeanFactory.getBean(AbstractBeanFactory.java:207)
	at org.springframework.boot.web.servlet.ServletContextInitializerBeans.getOrderedBeansOfType(ServletContextInitializerBeans.java:230)
	at org.springframework.boot.web.servlet.ServletContextInitializerBeans.addAsRegistrationBean(ServletContextInitializerBeans.java:184)
	at org.springframework.boot.web.servlet.ServletContextInitializerBeans.addAsRegistrationBean(ServletContextInitializerBeans.java:179)
	at org.springframework.boot.web.servlet.ServletContextInitializerBeans.addAdaptableBeans(ServletContextInitializerBeans.java:164)
	at org.springframework.boot.web.servlet.ServletContextInitializerBeans.<init>(ServletContextInitializerBeans.java:96)
	at org.springframework.boot.web.servlet.context.ServletWebServerApplicationContext.getServletContextInitializerBeans(ServletWebServerApplicationContext.java:271)
	at org.springframework.boot.web.servlet.context.ServletWebServerApplicationContext.selfInitialize(ServletWebServerApplicationContext.java:245)
	at org.springframework.boot.web.embedded.tomcat.TomcatStarter.onStartup(TomcatStarter.java:52)
	at org.apache.catalina.core.StandardContext.startInternal(StandardContext.java:4464)
	at org.apache.catalina.util.LifecycleBase.start(LifecycleBase.java:164)
	at org.apache.catalina.core.ContainerBase$StartChild.call(ContainerBase.java:1203)
	at org.apache.catalina.core.ContainerBase$StartChild.call(ContainerBase.java:1193)
	at java.base/java.util.concurrent.FutureTask.run(FutureTask.java:317)
	at org.apache.tomcat.util.threads.InlineExecutorService.execute(InlineExecutorService.java:75)
	at java.base/java.util.concurrent.AbstractExecutorService.submit(AbstractExecutorService.java:145)
	at org.apache.catalina.core.ContainerBase.startInternal(ContainerBase.java:749)
	at org.apache.catalina.core.StandardHost.startInternal(StandardHost.java:772)
	at org.apache.catalina.util.LifecycleBase.start(LifecycleBase.java:164)
	at org.apache.catalina.core.ContainerBase$StartChild.call(ContainerBase.java:1203)
	at org.apache.catalina.core.ContainerBase$StartChild.call(ContainerBase.java:1193)
	at java.base/java.util.concurrent.FutureTask.run(FutureTask.java:317)
	at org.apache.tomcat.util.threads.InlineExecutorService.execute(InlineExecutorService.java:75)
	at java.base/java.util.concurrent.AbstractExecutorService.submit(AbstractExecutorService.java:145)
	at org.apache.catalina.core.ContainerBase.startInternal(ContainerBase.java:749)
	at org.apache.catalina.core.StandardEngine.startInternal(StandardEngine.java:203)
	at org.apache.catalina.util.LifecycleBase.start(LifecycleBase.java:164)
	at org.apache.catalina.core.StandardService.startInternal(StandardService.java:412)
	at org.apache.catalina.util.LifecycleBase.start(LifecycleBase.java:164)
	at org.apache.catalina.core.StandardServer.startInternal(StandardServer.java:870)
	at org.apache.catalina.util.LifecycleBase.start(LifecycleBase.java:164)
	at org.apache.catalina.startup.Tomcat.start(Tomcat.java:438)
	at org.springframework.boot.web.embedded.tomcat.TomcatWebServer.initialize(TomcatWebServer.java:128)
	... 16 common frames omitted
Caused by: org.springframework.beans.factory.UnsatisfiedDependencyException: Error creating bean with name 'customUsuarioDetailsService': Unsatisfied dependency expressed through field 'usuarioRepository': Error creating bean with name 'usuarioRepository' defined in com.utec.repository.UsuarioRepository defined in @EnableJpaRepositories declared on JpaRepositoriesRegistrar.EnableJpaRepositoriesConfiguration: Cannot resolve reference to bean 'jpaSharedEM_entityManagerFactory' while setting bean property 'entityManager'
	at org.springframework.beans.factory.annotation.AutowiredAnnotationBeanPostProcessor$AutowiredFieldElement.resolveFieldValue(AutowiredAnnotationBeanPostProcessor.java:788)
	at org.springframework.beans.factory.annotation.AutowiredAnnotationBeanPostProcessor$AutowiredFieldElement.inject(AutowiredAnnotationBeanPostProcessor.java:768)
	at org.springframework.beans.factory.annotation.InjectionMetadata.inject(InjectionMetadata.java:146)
	at org.springframework.beans.factory.annotation.AutowiredAnnotationBeanPostProcessor.postProcessProperties(AutowiredAnnotationBeanPostProcessor.java:509)
	at org.springframework.beans.factory.support.AbstractAutowireCapableBeanFactory.populateBean(AbstractAutowireCapableBeanFactory.java:1459)
	at org.springframework.beans.factory.support.AbstractAutowireCapableBeanFactory.doCreateBean(AbstractAutowireCapableBeanFactory.java:606)
	at org.springframework.beans.factory.support.AbstractAutowireCapableBeanFactory.createBean(AbstractAutowireCapableBeanFactory.java:529)
	at org.springframework.beans.factory.support.AbstractBeanFactory.lambda$doGetBean$0(AbstractBeanFactory.java:339)
	at org.springframework.beans.factory.support.DefaultSingletonBeanRegistry.getSingleton(DefaultSingletonBeanRegistry.java:373)
	at org.springframework.beans.factory.support.AbstractBeanFactory.doGetBean(AbstractBeanFactory.java:337)
	at org.springframework.beans.factory.support.AbstractBeanFactory.getBean(AbstractBeanFactory.java:202)
	at org.springframework.beans.factory.config.DependencyDescriptor.resolveCandidate(DependencyDescriptor.java:254)
	at org.springframework.beans.factory.support.DefaultListableBeanFactory.doResolveDependency(DefaultListableBeanFactory.java:1740)
	at org.springframework.beans.factory.support.DefaultListableBeanFactory.resolveDependency(DefaultListableBeanFactory.java:1628)
	at org.springframework.beans.factory.support.ConstructorResolver.resolveAutowiredArgument(ConstructorResolver.java:913)
	at org.springframework.beans.factory.support.ConstructorResolver.createArgumentArray(ConstructorResolver.java:791)
	... 57 common frames omitted
Caused by: org.springframework.beans.factory.BeanCreationException: Error creating bean with name 'usuarioRepository' defined in com.utec.repository.UsuarioRepository defined in @EnableJpaRepositories declared on JpaRepositoriesRegistrar.EnableJpaRepositoriesConfiguration: Cannot resolve reference to bean 'jpaSharedEM_entityManagerFactory' while setting bean property 'entityManager'
	at org.springframework.beans.factory.support.BeanDefinitionValueResolver.resolveReference(BeanDefinitionValueResolver.java:377)
	at org.springframework.beans.factory.support.BeanDefinitionValueResolver.resolveValueIfNecessary(BeanDefinitionValueResolver.java:135)
	at org.springframework.beans.factory.support.AbstractAutowireCapableBeanFactory.applyPropertyValues(AbstractAutowireCapableBeanFactory.java:1725)
	at org.springframework.beans.factory.support.AbstractAutowireCapableBeanFactory.populateBean(AbstractAutowireCapableBeanFactory.java:1474)
	at org.springframework.beans.factory.support.AbstractAutowireCapableBeanFactory.doCreateBean(AbstractAutowireCapableBeanFactory.java:606)
	at org.springframework.beans.factory.support.AbstractAutowireCapableBeanFactory.createBean(AbstractAutowireCapableBeanFactory.java:529)
	at org.springframework.beans.factory.support.AbstractBeanFactory.lambda$doGetBean$0(AbstractBeanFactory.java:339)
	at org.springframework.beans.factory.support.DefaultSingletonBeanRegistry.getSingleton(DefaultSingletonBeanRegistry.java:373)
	at org.springframework.beans.factory.support.AbstractBeanFactory.doGetBean(AbstractBeanFactory.java:337)
	at org.springframework.beans.factory.support.AbstractBeanFactory.getBean(AbstractBeanFactory.java:202)
	at org.springframework.beans.factory.support.DefaultListableBeanFactory.doResolveDependency(DefaultListableBeanFactory.java:1682)
	at org.springframework.beans.factory.support.DefaultListableBeanFactory.resolveDependency(DefaultListableBeanFactory.java:1628)
	at org.springframework.beans.factory.annotation.AutowiredAnnotationBeanPostProcessor$AutowiredFieldElement.resolveFieldValue(AutowiredAnnotationBeanPostProcessor.java:785)
	... 72 common frames omitted
Caused by: org.springframework.beans.factory.BeanCreationException: Error creating bean with name 'jpaSharedEM_entityManagerFactory': Cannot resolve reference to bean 'entityManagerFactory' while setting constructor argument
	at org.springframework.beans.factory.support.BeanDefinitionValueResolver.resolveReference(BeanDefinitionValueResolver.java:377)
	at org.springframework.beans.factory.support.BeanDefinitionValueResolver.resolveValueIfNecessary(BeanDefinitionValueResolver.java:135)
	at org.springframework.beans.factory.support.ConstructorResolver.resolveConstructorArguments(ConstructorResolver.java:691)
	at org.springframework.beans.factory.support.ConstructorResolver.instantiateUsingFactoryMethod(ConstructorResolver.java:513)
	at org.springframework.beans.factory.support.AbstractAutowireCapableBeanFactory.instantiateUsingFactoryMethod(AbstractAutowireCapableBeanFactory.java:1375)
	at org.springframework.beans.factory.support.AbstractAutowireCapableBeanFactory.createBeanInstance(AbstractAutowireCapableBeanFactory.java:1205)
	at org.springframework.beans.factory.support.AbstractAutowireCapableBeanFactory.doCreateBean(AbstractAutowireCapableBeanFactory.java:569)
	at org.springframework.beans.factory.support.AbstractAutowireCapableBeanFactory.createBean(AbstractAutowireCapableBeanFactory.java:529)
	at org.springframework.beans.factory.support.AbstractBeanFactory.lambda$doGetBean$0(AbstractBeanFactory.java:339)
	at org.springframework.beans.factory.support.DefaultSingletonBeanRegistry.getSingleton(DefaultSingletonBeanRegistry.java:373)
	at org.springframework.beans.factory.support.AbstractBeanFactory.doGetBean(AbstractBeanFactory.java:337)
	at org.springframework.beans.factory.support.AbstractBeanFactory.getBean(AbstractBeanFactory.java:202)
	at org.springframework.beans.factory.support.BeanDefinitionValueResolver.resolveReference(BeanDefinitionValueResolver.java:365)
	... 84 common frames omitted
Caused by: org.springframework.beans.factory.BeanCreationException: Error creating bean with name 'entityManagerFactory' defined in class path resource [org/springframework/boot/autoconfigure/orm/jpa/HibernateJpaConfiguration.class]: [PersistenceUnit: default] Unable to build Hibernate SessionFactory; nested exception is org.hibernate.exception.JDBCConnectionException: Unable to open JDBC Connection for DDL execution [Connection to localhost:5432 refused. Check that the hostname and port are correct and that the postmaster is accepting TCP/IP connections.] [n/a]
	at org.springframework.beans.factory.support.AbstractAutowireCapableBeanFactory.initializeBean(AbstractAutowireCapableBeanFactory.java:1826)
	at org.springframework.beans.factory.support.AbstractAutowireCapableBeanFactory.doCreateBean(AbstractAutowireCapableBeanFactory.java:607)
	at org.springframework.beans.factory.support.AbstractAutowireCapableBeanFactory.createBean(AbstractAutowireCapableBeanFactory.java:529)
	at org.springframework.beans.factory.support.AbstractBeanFactory.lambda$doGetBean$0(AbstractBeanFactory.java:339)
	at org.springframework.beans.factory.support.DefaultSingletonBeanRegistry.getSingleton(DefaultSingletonBeanRegistry.java:373)
	at org.springframework.beans.factory.support.AbstractBeanFactory.doGetBean(AbstractBeanFactory.java:337)
	at org.springframework.beans.factory.support.AbstractBeanFactory.getBean(AbstractBeanFactory.java:202)
	at org.springframework.beans.factory.support.BeanDefinitionValueResolver.resolveReference(BeanDefinitionValueResolver.java:365)
	... 96 common frames omitted
Caused by: jakarta.persistence.PersistenceException: [PersistenceUnit: default] Unable to build Hibernate SessionFactory; nested exception is org.hibernate.exception.JDBCConnectionException: Unable to open JDBC Connection for DDL execution [Connection to localhost:5432 refused. Check that the hostname and port are correct and that the postmaster is accepting TCP/IP connections.] [n/a]
	at org.springframework.orm.jpa.AbstractEntityManagerFactoryBean.buildNativeEntityManagerFactory(AbstractEntityManagerFactoryBean.java:431)
	at org.springframework.orm.jpa.AbstractEntityManagerFactoryBean.afterPropertiesSet(AbstractEntityManagerFactoryBean.java:400)
	at org.springframework.orm.jpa.LocalContainerEntityManagerFactoryBean.afterPropertiesSet(LocalContainerEntityManagerFactoryBean.java:366)
	at org.springframework.beans.factory.support.AbstractAutowireCapableBeanFactory.invokeInitMethods(AbstractAutowireCapableBeanFactory.java:1873)
	at org.springframework.beans.factory.support.AbstractAutowireCapableBeanFactory.initializeBean(AbstractAutowireCapableBeanFactory.java:1822)
	... 103 common frames omitted
Caused by: org.hibernate.exception.JDBCConnectionException: Unable to open JDBC Connection for DDL execution [Connection to localhost:5432 refused. Check that the hostname and port are correct and that the postmaster is accepting TCP/IP connections.] [n/a]
	at org.hibernate.exception.internal.SQLStateConversionDelegate.convert(SQLStateConversionDelegate.java:100)
	at org.hibernate.exception.internal.StandardSQLExceptionConverter.convert(StandardSQLExceptionConverter.java:58)
	at org.hibernate.engine.jdbc.spi.SqlExceptionHelper.convert(SqlExceptionHelper.java:108)
	at org.hibernate.engine.jdbc.spi.SqlExceptionHelper.convert(SqlExceptionHelper.java:94)
	at org.hibernate.resource.transaction.backend.jdbc.internal.DdlTransactionIsolatorNonJtaImpl.getIsolatedConnection(DdlTransactionIsolatorNonJtaImpl.java:74)
	at org.hibernate.resource.transaction.backend.jdbc.internal.DdlTransactionIsolatorNonJtaImpl.getIsolatedConnection(DdlTransactionIsolatorNonJtaImpl.java:39)
	at org.hibernate.tool.schema.internal.exec.ImprovedExtractionContextImpl.getJdbcConnection(ImprovedExtractionContextImpl.java:63)
	at org.hibernate.tool.schema.extract.spi.ExtractionContext.getQueryResults(ExtractionContext.java:43)
	at org.hibernate.tool.schema.extract.internal.SequenceInformationExtractorLegacyImpl.extractMetadata(SequenceInformationExtractorLegacyImpl.java:39)
	at org.hibernate.tool.schema.extract.internal.DatabaseInformationImpl.initializeSequences(DatabaseInformationImpl.java:66)
	at org.hibernate.tool.schema.extract.internal.DatabaseInformationImpl.<init>(DatabaseInformationImpl.java:60)
	at org.hibernate.tool.schema.internal.Helper.buildDatabaseInformation(Helper.java:185)
	at org.hibernate.tool.schema.internal.AbstractSchemaValidator.doValidation(AbstractSchemaValidator.java:69)
	at org.hibernate.tool.schema.spi.SchemaManagementToolCoordinator.performDatabaseAction(SchemaManagementToolCoordinator.java:289)
	at org.hibernate.tool.schema.spi.SchemaManagementToolCoordinator.lambda$process$5(SchemaManagementToolCoordinator.java:144)
	at java.base/java.util.HashMap.forEach(HashMap.java:1429)
	at org.hibernate.tool.schema.spi.SchemaManagementToolCoordinator.process(SchemaManagementToolCoordinator.java:141)
	at org.hibernate.boot.internal.SessionFactoryObserverForSchemaExport.sessionFactoryCreated(SessionFactoryObserverForSchemaExport.java:37)
	at org.hibernate.internal.SessionFactoryObserverChain.sessionFactoryCreated(SessionFactoryObserverChain.java:35)
	at org.hibernate.internal.SessionFactoryImpl.<init>(SessionFactoryImpl.java:324)
	at org.hibernate.boot.internal.SessionFactoryBuilderImpl.build(SessionFactoryBuilderImpl.java:463)
	at org.hibernate.jpa.boot.internal.EntityManagerFactoryBuilderImpl.build(EntityManagerFactoryBuilderImpl.java:1517)
	at org.springframework.orm.jpa.vendor.SpringHibernateJpaPersistenceProvider.createContainerEntityManagerFactory(SpringHibernateJpaPersistenceProvider.java:66)
	at org.springframework.orm.jpa.LocalContainerEntityManagerFactoryBean.createNativeEntityManagerFactory(LocalContainerEntityManagerFactoryBean.java:390)
	at org.springframework.orm.jpa.AbstractEntityManagerFactoryBean.buildNativeEntityManagerFactory(AbstractEntityManagerFactoryBean.java:419)
	... 107 common frames omitted
Caused by: org.postgresql.util.PSQLException: Connection to localhost:5432 refused. Check that the hostname and port are correct and that the postmaster is accepting TCP/IP connections.
	at org.postgresql.core.v3.ConnectionFactoryImpl.openConnectionImpl(ConnectionFactoryImpl.java:373)
	at org.postgresql.core.ConnectionFactory.openConnection(ConnectionFactory.java:57)
	at org.postgresql.jdbc.PgConnection.<init>(PgConnection.java:277)
	at org.postgresql.Driver.makeConnection(Driver.java:448)
	at org.postgresql.Driver.connect(Driver.java:298)
	at com.zaxxer.hikari.util.DriverDataSource.getConnection(DriverDataSource.java:139)
	at com.zaxxer.hikari.pool.PoolBase.newConnection(PoolBase.java:368)
	at com.zaxxer.hikari.pool.PoolBase.newPoolEntry(PoolBase.java:205)
	at com.zaxxer.hikari.pool.HikariPool.createPoolEntry(HikariPool.java:483)
	at com.zaxxer.hikari.pool.HikariPool.checkFailFast(HikariPool.java:571)
	at com.zaxxer.hikari.pool.HikariPool.<init>(HikariPool.java:101)
	at com.zaxxer.hikari.HikariDataSource.getConnection(HikariDataSource.java:111)
	at org.hibernate.engine.jdbc.connections.internal.DatasourceConnectionProviderImpl.getConnection(DatasourceConnectionProviderImpl.java:126)
	at org.hibernate.engine.jdbc.env.internal.JdbcEnvironmentInitiator$ConnectionProviderJdbcConnectionAccess.obtainConnection(JdbcEnvironmentInitiator.java:483)
	at org.hibernate.resource.transaction.backend.jdbc.internal.DdlTransactionIsolatorNonJtaImpl.getIsolatedConnection(DdlTransactionIsolatorNonJtaImpl.java:46)
	... 127 common frames omitted
Caused by: java.net.ConnectException: Connection refused: getsockopt
	at java.base/sun.nio.ch.Net.pollConnect(Native Method)
	at java.base/sun.nio.ch.Net.pollConnectNow(Net.java:682)
	at java.base/sun.nio.ch.NioSocketImpl.timedFinishConnect(NioSocketImpl.java:542)
	at java.base/sun.nio.ch.NioSocketImpl.connect(NioSocketImpl.java:592)
	at java.base/java.net.SocksSocketImpl.connect(SocksSocketImpl.java:327)
	at java.base/java.net.Socket.connect(Socket.java:751)
	at org.postgresql.core.PGStream.createSocket(PGStream.java:261)
	at org.postgresql.core.PGStream.<init>(PGStream.java:122)
	at org.postgresql.core.v3.ConnectionFactoryImpl.tryConnect(ConnectionFactoryImpl.java:146)
	at org.postgresql.core.v3.ConnectionFactoryImpl.openConnectionImpl(ConnectionFactoryImpl.java:289)
	... 141 common frames omitted
2025-06-24 21:12:43 [restartedMain] INFO , com.utec.PdiApplication {36} - Starting PdiApplication using Java 21.0.7 with PID 8408 (C:\Users\Maggie\IdeaProjects\pdi\target\classes started by Maggie in C:\Users\Maggie\IdeaProjects\pdi)
2025-06-24 21:12:43 [restartedMain] DEBUG, com.utec.PdiApplication {36} - Running with Spring Boot v3.5.0, Spring v6.2.7
2025-06-24 21:12:43 [restartedMain] INFO , com.utec.PdiApplication {36} - No active profile set, falling back to 1 default profile: "default"
2025-06-24 21:12:43 [restartedMain] INFO , org.springframework.boot.devtools.env.DevToolsPropertyDefaultsPostProcessor {36} - Devtools property defaults active! Set 'spring.devtools.add-properties' to 'false' to disable
2025-06-24 21:12:43 [restartedMain] INFO , org.springframework.boot.devtools.env.DevToolsPropertyDefaultsPostProcessor {36} - For additional web related logging consider setting the 'logging.level.web' property to 'DEBUG'
2025-06-24 21:12:44 [restartedMain] INFO , org.springframework.data.repository.config.RepositoryConfigurationDelegate {36} - Bootstrapping Spring Data JPA repositories in DEFAULT mode.
2025-06-24 21:12:44 [restartedMain] INFO , org.springframework.data.repository.config.RepositoryConfigurationDelegate {36} - Finished Spring Data repository scanning in 77 ms. Found 17 JPA repository interfaces.
2025-06-24 21:12:45 [restartedMain] INFO , org.springframework.boot.web.embedded.tomcat.TomcatWebServer {36} - Tomcat initialized with port 8080 (http)
2025-06-24 21:12:45 [restartedMain] INFO , org.apache.catalina.core.StandardService {36} - Starting service [Tomcat]
2025-06-24 21:12:45 [restartedMain] INFO , org.apache.catalina.core.StandardEngine {36} - Starting Servlet engine: [Apache Tomcat/10.1.41]
2025-06-24 21:12:45 [restartedMain] INFO , org.apache.catalina.core.ContainerBase.[Tomcat].[localhost].[/] {36} - Initializing Spring embedded WebApplicationContext
2025-06-24 21:12:45 [restartedMain] INFO , org.springframework.boot.web.servlet.context.ServletWebServerApplicationContext {36} - Root WebApplicationContext: initialization completed in 2148 ms
2025-06-24 21:12:45 [restartedMain] INFO , org.hibernate.jpa.internal.util.LogHelper {36} - HHH000204: Processing PersistenceUnitInfo [name: default]
2025-06-24 21:12:45 [restartedMain] INFO , org.hibernate.Version {36} - HHH000412: Hibernate ORM core version 6.6.15.Final
2025-06-24 21:12:45 [restartedMain] INFO , org.hibernate.cache.internal.RegionFactoryInitiator {36} - HHH000026: Second-level cache disabled
2025-06-24 21:12:46 [restartedMain] INFO , org.springframework.orm.jpa.persistenceunit.SpringPersistenceUnitInfo {36} - No LoadTimeWeaver setup: ignoring JPA class transformer
2025-06-24 21:12:46 [restartedMain] INFO , com.zaxxer.hikari.HikariDataSource {36} - HikariPool-1 - Starting...
2025-06-24 21:12:46 [restartedMain] INFO , com.zaxxer.hikari.pool.HikariPool {36} - HikariPool-1 - Added connection org.postgresql.jdbc.PgConnection@162b5dc0
2025-06-24 21:12:46 [restartedMain] INFO , com.zaxxer.hikari.HikariDataSource {36} - HikariPool-1 - Start completed.
2025-06-24 21:12:46 [restartedMain] WARN , org.hibernate.orm.deprecation {36} - HHH90000025: PostgreSQLDialect does not need to be specified explicitly using 'hibernate.dialect' (remove the property setting and it will be selected by default)
2025-06-24 21:12:46 [restartedMain] INFO , org.hibernate.orm.connections.pooling {36} - HHH10001005: Database info:
	Database JDBC URL [Connecting through datasource 'HikariDataSource (HikariPool-1)']
	Database driver: undefined/unknown
	Database version: 16.9
	Autocommit mode: undefined/unknown
	Isolation level: undefined/unknown
	Minimum pool size: undefined/unknown
	Maximum pool size: undefined/unknown
2025-06-24 21:12:47 [restartedMain] INFO , org.hibernate.engine.transaction.jta.platform.internal.JtaPlatformInitiator {36} - HHH000489: No JTA platform available (set 'hibernate.transaction.jta.platform' to enable JTA platform integration)
2025-06-24 21:12:47 [restartedMain] INFO , org.springframework.orm.jpa.LocalContainerEntityManagerFactoryBean {36} - Initialized JPA EntityManagerFactory for persistence unit 'default'
2025-06-24 21:12:48 [restartedMain] INFO , org.springframework.data.jpa.repository.query.QueryEnhancerFactory {36} - Hibernate is in classpath; If applicable, HQL parser will be used.
2025-06-24 21:12:48 [restartedMain] DEBUG, com.utec.jwt.JwtRequestFilter {36} - Filter 'jwtRequestFilter' configured for use
2025-06-24 21:12:48 [restartedMain] WARN , org.springframework.boot.autoconfigure.orm.jpa.JpaBaseConfiguration$JpaWebConfiguration {36} - spring.jpa.open-in-view is enabled by default. Therefore, database queries may be performed during view rendering. Explicitly configure spring.jpa.open-in-view to disable this warning
2025-06-24 21:12:48 [restartedMain] INFO , org.springframework.security.config.annotation.authentication.configuration.InitializeUserDetailsBeanManagerConfigurer$InitializeUserDetailsManagerConfigurer {36} - Global AuthenticationManager configured with UserDetailsService bean with name customUsuarioDetailsService
2025-06-24 21:12:49 [restartedMain] INFO , org.springframework.boot.actuate.endpoint.web.EndpointLinksResolver {36} - Exposing 4 endpoints beneath base path '/actuator'
2025-06-24 21:12:50 [restartedMain] DEBUG, org.springframework.security.web.DefaultSecurityFilterChain {36} - Will secure any request with filters: DisableEncodeUrlFilter, WebAsyncManagerIntegrationFilter, SecurityContextHolderFilter, HeaderWriterFilter, LogoutFilter, JwtRequestFilter, RequestCacheAwareFilter, SecurityContextHolderAwareRequestFilter, AnonymousAuthenticationFilter, SessionManagementFilter, ExceptionTranslationFilter, AuthorizationFilter
2025-06-24 21:12:50 [restartedMain] INFO , org.springframework.boot.autoconfigure.h2.H2ConsoleAutoConfiguration {36} - H2 console available at '/h2-console'. Database available at 'jdbc:postgresql://localhost:5432/utec'
2025-06-24 21:12:50 [restartedMain] INFO , org.springframework.boot.devtools.autoconfigure.OptionalLiveReloadServer {36} - LiveReload server is running on port 35729
2025-06-24 21:12:50 [restartedMain] INFO , org.springframework.boot.web.embedded.tomcat.TomcatWebServer {36} - Tomcat started on port 8080 (http) with context path '/'
2025-06-24 21:12:50 [restartedMain] INFO , com.utec.PdiApplication {36} - Started PdiApplication in 7.855 seconds (process running for 8.579)
2025-06-24 21:12:51 [RMI TCP Connection(2)-192.168.1.15] INFO , org.apache.catalina.core.ContainerBase.[Tomcat].[localhost].[/] {36} - Initializing Spring DispatcherServlet 'dispatcherServlet'
2025-06-24 21:12:51 [RMI TCP Connection(2)-192.168.1.15] INFO , org.springframework.web.servlet.DispatcherServlet {36} - Initializing Servlet 'dispatcherServlet'
2025-06-24 21:12:51 [RMI TCP Connection(2)-192.168.1.15] INFO , org.springframework.web.servlet.DispatcherServlet {36} - Completed initialization in 3 ms
2025-06-24 21:13:14 [SpringApplicationShutdownHook] INFO , org.springframework.boot.web.embedded.tomcat.GracefulShutdown {36} - Commencing graceful shutdown. Waiting for active requests to complete
2025-06-24 21:13:14 [tomcat-shutdown] INFO , org.springframework.boot.web.embedded.tomcat.GracefulShutdown {36} - Graceful shutdown complete
2025-06-24 21:13:14 [SpringApplicationShutdownHook] INFO , org.springframework.orm.jpa.LocalContainerEntityManagerFactoryBean {36} - Closing JPA EntityManagerFactory for persistence unit 'default'
2025-06-24 21:13:14 [SpringApplicationShutdownHook] INFO , com.zaxxer.hikari.HikariDataSource {36} - HikariPool-1 - Shutdown initiated...
2025-06-24 21:13:14 [SpringApplicationShutdownHook] INFO , com.zaxxer.hikari.HikariDataSource {36} - HikariPool-1 - Shutdown completed.
2025-06-24 21:13:17 [restartedMain] INFO , com.utec.PdiApplication {36} - Starting PdiApplication using Java 21.0.7 with PID 11592 (C:\Users\Maggie\IdeaProjects\pdi\target\classes started by Maggie in C:\Users\Maggie\IdeaProjects\pdi)
2025-06-24 21:13:17 [restartedMain] DEBUG, com.utec.PdiApplication {36} - Running with Spring Boot v3.5.0, Spring v6.2.7
2025-06-24 21:13:17 [restartedMain] INFO , com.utec.PdiApplication {36} - No active profile set, falling back to 1 default profile: "default"
2025-06-24 21:13:17 [restartedMain] INFO , org.springframework.boot.devtools.env.DevToolsPropertyDefaultsPostProcessor {36} - Devtools property defaults active! Set 'spring.devtools.add-properties' to 'false' to disable
2025-06-24 21:13:17 [restartedMain] INFO , org.springframework.boot.devtools.env.DevToolsPropertyDefaultsPostProcessor {36} - For additional web related logging consider setting the 'logging.level.web' property to 'DEBUG'
2025-06-24 21:13:19 [restartedMain] INFO , org.springframework.data.repository.config.RepositoryConfigurationDelegate {36} - Bootstrapping Spring Data JPA repositories in DEFAULT mode.
2025-06-24 21:13:19 [restartedMain] INFO , org.springframework.data.repository.config.RepositoryConfigurationDelegate {36} - Finished Spring Data repository scanning in 78 ms. Found 17 JPA repository interfaces.
2025-06-24 21:13:19 [restartedMain] INFO , org.springframework.boot.web.embedded.tomcat.TomcatWebServer {36} - Tomcat initialized with port 8080 (http)
2025-06-24 21:13:19 [restartedMain] INFO , org.apache.catalina.core.StandardService {36} - Starting service [Tomcat]
2025-06-24 21:13:19 [restartedMain] INFO , org.apache.catalina.core.StandardEngine {36} - Starting Servlet engine: [Apache Tomcat/10.1.41]
2025-06-24 21:13:19 [restartedMain] INFO , org.apache.catalina.core.ContainerBase.[Tomcat].[localhost].[/] {36} - Initializing Spring embedded WebApplicationContext
2025-06-24 21:13:19 [restartedMain] INFO , org.springframework.boot.web.servlet.context.ServletWebServerApplicationContext {36} - Root WebApplicationContext: initialization completed in 2349 ms
2025-06-24 21:13:20 [restartedMain] INFO , org.hibernate.jpa.internal.util.LogHelper {36} - HHH000204: Processing PersistenceUnitInfo [name: default]
2025-06-24 21:13:20 [restartedMain] INFO , org.hibernate.Version {36} - HHH000412: Hibernate ORM core version 6.6.15.Final
2025-06-24 21:13:20 [restartedMain] INFO , org.hibernate.cache.internal.RegionFactoryInitiator {36} - HHH000026: Second-level cache disabled
2025-06-24 21:13:20 [restartedMain] INFO , org.springframework.orm.jpa.persistenceunit.SpringPersistenceUnitInfo {36} - No LoadTimeWeaver setup: ignoring JPA class transformer
2025-06-24 21:13:20 [restartedMain] INFO , com.zaxxer.hikari.HikariDataSource {36} - HikariPool-1 - Starting...
2025-06-24 21:13:20 [restartedMain] INFO , com.zaxxer.hikari.pool.HikariPool {36} - HikariPool-1 - Added connection org.postgresql.jdbc.PgConnection@72bba268
2025-06-24 21:13:20 [restartedMain] INFO , com.zaxxer.hikari.HikariDataSource {36} - HikariPool-1 - Start completed.
2025-06-24 21:13:20 [restartedMain] WARN , org.hibernate.orm.deprecation {36} - HHH90000025: PostgreSQLDialect does not need to be specified explicitly using 'hibernate.dialect' (remove the property setting and it will be selected by default)
2025-06-24 21:13:20 [restartedMain] INFO , org.hibernate.orm.connections.pooling {36} - HHH10001005: Database info:
	Database JDBC URL [Connecting through datasource 'HikariDataSource (HikariPool-1)']
	Database driver: undefined/unknown
	Database version: 16.9
	Autocommit mode: undefined/unknown
	Isolation level: undefined/unknown
	Minimum pool size: undefined/unknown
	Maximum pool size: undefined/unknown
2025-06-24 21:13:21 [restartedMain] INFO , org.hibernate.engine.transaction.jta.platform.internal.JtaPlatformInitiator {36} - HHH000489: No JTA platform available (set 'hibernate.transaction.jta.platform' to enable JTA platform integration)
2025-06-24 21:13:22 [restartedMain] INFO , org.springframework.orm.jpa.LocalContainerEntityManagerFactoryBean {36} - Initialized JPA EntityManagerFactory for persistence unit 'default'
2025-06-24 21:13:22 [restartedMain] INFO , org.springframework.data.jpa.repository.query.QueryEnhancerFactory {36} - Hibernate is in classpath; If applicable, HQL parser will be used.
2025-06-24 21:13:22 [restartedMain] DEBUG, com.utec.jwt.JwtRequestFilter {36} - Filter 'jwtRequestFilter' configured for use
2025-06-24 21:13:23 [restartedMain] WARN , org.springframework.boot.autoconfigure.orm.jpa.JpaBaseConfiguration$JpaWebConfiguration {36} - spring.jpa.open-in-view is enabled by default. Therefore, database queries may be performed during view rendering. Explicitly configure spring.jpa.open-in-view to disable this warning
2025-06-24 21:13:23 [restartedMain] INFO , org.springframework.security.config.annotation.authentication.configuration.InitializeUserDetailsBeanManagerConfigurer$InitializeUserDetailsManagerConfigurer {36} - Global AuthenticationManager configured with UserDetailsService bean with name customUsuarioDetailsService
2025-06-24 21:13:24 [restartedMain] INFO , org.springframework.boot.actuate.endpoint.web.EndpointLinksResolver {36} - Exposing 4 endpoints beneath base path '/actuator'
2025-06-24 21:13:24 [restartedMain] DEBUG, org.springframework.security.web.DefaultSecurityFilterChain {36} - Will secure any request with filters: DisableEncodeUrlFilter, WebAsyncManagerIntegrationFilter, SecurityContextHolderFilter, HeaderWriterFilter, LogoutFilter, JwtRequestFilter, RequestCacheAwareFilter, SecurityContextHolderAwareRequestFilter, AnonymousAuthenticationFilter, SessionManagementFilter, ExceptionTranslationFilter, AuthorizationFilter
2025-06-24 21:13:24 [restartedMain] INFO , org.springframework.boot.autoconfigure.h2.H2ConsoleAutoConfiguration {36} - H2 console available at '/h2-console'. Database available at 'jdbc:postgresql://localhost:5432/utec'
2025-06-24 21:13:24 [restartedMain] INFO , org.springframework.boot.devtools.autoconfigure.OptionalLiveReloadServer {36} - LiveReload server is running on port 35729
2025-06-24 21:13:25 [restartedMain] INFO , org.springframework.boot.web.embedded.tomcat.TomcatWebServer {36} - Tomcat started on port 8080 (http) with context path '/'
2025-06-24 21:13:25 [restartedMain] INFO , com.utec.PdiApplication {36} - Started PdiApplication in 8.07 seconds (process running for 9.13)
2025-06-24 21:13:25 [RMI TCP Connection(4)-192.168.1.15] INFO , org.apache.catalina.core.ContainerBase.[Tomcat].[localhost].[/] {36} - Initializing Spring DispatcherServlet 'dispatcherServlet'
2025-06-24 21:13:25 [RMI TCP Connection(4)-192.168.1.15] INFO , org.springframework.web.servlet.DispatcherServlet {36} - Initializing Servlet 'dispatcherServlet'
2025-06-24 21:13:25 [RMI TCP Connection(4)-192.168.1.15] INFO , org.springframework.web.servlet.DispatcherServlet {36} - Completed initialization in 3 ms
2025-06-24 21:13:49 [http-nio-8080-exec-1] DEBUG, org.springframework.security.web.FilterChainProxy {36} - Securing GET /swagger-ui/index.html
2025-06-24 21:13:49 [http-nio-8080-exec-1] DEBUG, org.springframework.security.web.authentication.AnonymousAuthenticationFilter {36} - Set SecurityContextHolder to anonymous SecurityContext
2025-06-24 21:13:49 [http-nio-8080-exec-1] DEBUG, org.springframework.security.web.FilterChainProxy {36} - Secured GET /swagger-ui/index.html
2025-06-24 21:13:49 [http-nio-8080-exec-2] DEBUG, org.springframework.security.web.FilterChainProxy {36} - Securing GET /swagger-ui/swagger-ui.css
2025-06-24 21:13:49 [http-nio-8080-exec-3] DEBUG, org.springframework.security.web.FilterChainProxy {36} - Securing GET /swagger-ui/index.css
2025-06-24 21:13:49 [http-nio-8080-exec-2] DEBUG, org.springframework.security.web.authentication.AnonymousAuthenticationFilter {36} - Set SecurityContextHolder to anonymous SecurityContext
2025-06-24 21:13:49 [http-nio-8080-exec-3] DEBUG, org.springframework.security.web.authentication.AnonymousAuthenticationFilter {36} - Set SecurityContextHolder to anonymous SecurityContext
2025-06-24 21:13:49 [http-nio-8080-exec-2] DEBUG, org.springframework.security.web.FilterChainProxy {36} - Secured GET /swagger-ui/swagger-ui.css
2025-06-24 21:13:49 [http-nio-8080-exec-3] DEBUG, org.springframework.security.web.FilterChainProxy {36} - Secured GET /swagger-ui/index.css
2025-06-24 21:13:49 [http-nio-8080-exec-4] DEBUG, org.springframework.security.web.FilterChainProxy {36} - Securing GET /swagger-ui/swagger-ui-bundle.js
2025-06-24 21:13:49 [http-nio-8080-exec-4] DEBUG, org.springframework.security.web.authentication.AnonymousAuthenticationFilter {36} - Set SecurityContextHolder to anonymous SecurityContext
2025-06-24 21:13:49 [http-nio-8080-exec-4] DEBUG, org.springframework.security.web.FilterChainProxy {36} - Secured GET /swagger-ui/swagger-ui-bundle.js
2025-06-24 21:13:49 [http-nio-8080-exec-5] DEBUG, org.springframework.security.web.FilterChainProxy {36} - Securing GET /swagger-ui/swagger-ui-standalone-preset.js
2025-06-24 21:13:49 [http-nio-8080-exec-5] DEBUG, org.springframework.security.web.authentication.AnonymousAuthenticationFilter {36} - Set SecurityContextHolder to anonymous SecurityContext
2025-06-24 21:13:49 [http-nio-8080-exec-5] DEBUG, org.springframework.security.web.FilterChainProxy {36} - Secured GET /swagger-ui/swagger-ui-standalone-preset.js
2025-06-24 21:13:49 [http-nio-8080-exec-6] DEBUG, org.springframework.security.web.FilterChainProxy {36} - Securing GET /swagger-ui/swagger-initializer.js
2025-06-24 21:13:49 [http-nio-8080-exec-6] DEBUG, org.springframework.security.web.authentication.AnonymousAuthenticationFilter {36} - Set SecurityContextHolder to anonymous SecurityContext
2025-06-24 21:13:49 [http-nio-8080-exec-6] DEBUG, org.springframework.security.web.FilterChainProxy {36} - Secured GET /swagger-ui/swagger-initializer.js
2025-06-24 21:13:50 [http-nio-8080-exec-7] DEBUG, org.springframework.security.web.FilterChainProxy {36} - Securing GET /v3/api-docs/swagger-config
2025-06-24 21:13:50 [http-nio-8080-exec-7] DEBUG, org.springframework.security.web.authentication.AnonymousAuthenticationFilter {36} - Set SecurityContextHolder to anonymous SecurityContext
2025-06-24 21:13:50 [http-nio-8080-exec-7] DEBUG, org.springframework.security.web.FilterChainProxy {36} - Secured GET /v3/api-docs/swagger-config
2025-06-24 21:13:50 [http-nio-8080-exec-8] DEBUG, org.springframework.security.web.FilterChainProxy {36} - Securing GET /v3/api-docs
2025-06-24 21:13:50 [http-nio-8080-exec-8] DEBUG, org.springframework.security.web.authentication.AnonymousAuthenticationFilter {36} - Set SecurityContextHolder to anonymous SecurityContext
2025-06-24 21:13:50 [http-nio-8080-exec-8] DEBUG, org.springframework.security.web.FilterChainProxy {36} - Secured GET /v3/api-docs
2025-06-24 21:13:51 [http-nio-8080-exec-8] INFO , org.springdoc.api.AbstractOpenApiResource {36} - Init duration for springdoc-openapi is: 1120 ms
2025-06-24 21:14:18 [SpringApplicationShutdownHook] INFO , org.springframework.boot.web.embedded.tomcat.GracefulShutdown {36} - Commencing graceful shutdown. Waiting for active requests to complete
2025-06-24 21:14:18 [tomcat-shutdown] INFO , org.springframework.boot.web.embedded.tomcat.GracefulShutdown {36} - Graceful shutdown complete
2025-06-24 21:14:18 [SpringApplicationShutdownHook] INFO , org.springframework.orm.jpa.LocalContainerEntityManagerFactoryBean {36} - Closing JPA EntityManagerFactory for persistence unit 'default'
2025-06-24 21:14:18 [SpringApplicationShutdownHook] INFO , com.zaxxer.hikari.HikariDataSource {36} - HikariPool-1 - Shutdown initiated...
2025-06-24 21:14:18 [SpringApplicationShutdownHook] INFO , com.zaxxer.hikari.HikariDataSource {36} - HikariPool-1 - Shutdown completed.
